2021-07-02 19:03:00 [main] INFO  com.ust.OrderServiceApplication -
                Starting OrderServiceApplication using Java 15.0.1 on DESKTOP-E7BVR8E with PID 7752 (G:\workSpace1\Account\OrderService\target\classes started by anonymous in G:\workSpace1\Account\OrderService)
2021-07-02 19:03:00 [main] INFO  com.ust.OrderServiceApplication -
                No active profile set, falling back to default profiles: default
2021-07-02 19:03:02 [main] INFO  o.s.d.r.c.RepositoryConfigurationDelegate -
                Bootstrapping Spring Data JPA repositories in DEFAULT mode.
2021-07-02 19:03:02 [main] INFO  o.s.d.r.c.RepositoryConfigurationDelegate -
                Finished Spring Data repository scanning in 80 ms. Found 1 JPA repository interfaces.
2021-07-02 19:03:03 [main] INFO  o.s.b.w.e.tomcat.TomcatWebServer -
                Tomcat initialized with port(s): 9092 (http)
2021-07-02 19:03:03 [main] INFO  o.a.coyote.http11.Http11NioProtocol -
                Initializing ProtocolHandler ["http-nio-9092"]
2021-07-02 19:03:03 [main] INFO  o.a.catalina.core.StandardService -
                Starting service [Tomcat]
2021-07-02 19:03:03 [main] INFO  o.a.catalina.core.StandardEngine -
                Starting Servlet engine: [Apache Tomcat/9.0.46]
2021-07-02 19:03:04 [main] INFO  o.a.c.c.C.[Tomcat].[localhost].[/] -
                Initializing Spring embedded WebApplicationContext
2021-07-02 19:03:04 [main] INFO  o.s.b.w.s.c.ServletWebServerApplicationContext -
                Root WebApplicationContext: initialization completed in 3262 ms
2021-07-02 19:03:04 [main] INFO  com.zaxxer.hikari.HikariDataSource -
                HikariPool-1 - Starting...
2021-07-02 19:03:04 [main] INFO  com.zaxxer.hikari.HikariDataSource -
                HikariPool-1 - Start completed.
2021-07-02 19:03:05 [main] INFO  o.h.jpa.internal.util.LogHelper -
                HHH000204: Processing PersistenceUnitInfo [name: default]
2021-07-02 19:03:05 [main] INFO  org.hibernate.Version -
                HHH000412: Hibernate ORM core version 5.4.32.Final
2021-07-02 19:03:05 [main] INFO  o.h.annotations.common.Version -
                HCANN000001: Hibernate Commons Annotations {5.1.2.Final}
2021-07-02 19:03:06 [main] INFO  org.hibernate.dialect.Dialect -
                HHH000400: Using dialect: org.hibernate.dialect.MySQL5InnoDBDialect
2021-07-02 19:03:08 [main] INFO  o.h.e.t.j.p.i.JtaPlatformInitiator -
                HHH000490: Using JtaPlatform implementation: [org.hibernate.engine.transaction.jta.platform.internal.NoJtaPlatform]
2021-07-02 19:03:08 [main] INFO  o.s.o.j.LocalContainerEntityManagerFactoryBean -
                Initialized JPA EntityManagerFactory for persistence unit 'default'
2021-07-02 19:03:09 [main] WARN  o.s.b.a.o.j.JpaBaseConfiguration$JpaWebConfiguration -
                spring.jpa.open-in-view is enabled by default. Therefore, database queries may be performed during view rendering. Explicitly configure spring.jpa.open-in-view to disable this warning
2021-07-02 19:03:09 [main] INFO  s.d.s.w.PropertySourcedRequestMappingHandlerMapping -
                Mapped URL path [/v2/api-docs] onto method [springfox.documentation.swagger2.web.Swagger2Controller#getDocumentation(String, HttpServletRequest)]
2021-07-02 19:03:10 [main] INFO  o.a.coyote.http11.Http11NioProtocol -
                Starting ProtocolHandler ["http-nio-9092"]
2021-07-02 19:03:10 [main] INFO  o.s.b.w.e.tomcat.TomcatWebServer -
                Tomcat started on port(s): 9092 (http) with context path ''
2021-07-02 19:03:10 [main] INFO  s.d.s.w.p.DocumentationPluginsBootstrapper -
                Context refreshed
2021-07-02 19:03:10 [main] INFO  s.d.s.w.p.DocumentationPluginsBootstrapper -
                Found 1 custom documentation plugin(s)
2021-07-02 19:03:10 [main] INFO  s.d.s.w.s.ApiListingReferenceScanner -
                Scanning for api listing references
2021-07-02 19:03:10 [main] INFO  com.ust.OrderServiceApplication -
                Started OrderServiceApplication in 10.878 seconds (JVM running for 13.097)
2021-07-02 19:09:23 [http-nio-9092-exec-2] INFO  o.a.c.c.C.[Tomcat].[localhost].[/] -
                Initializing Spring DispatcherServlet 'dispatcherServlet'
2021-07-02 19:09:23 [http-nio-9092-exec-2] INFO  o.s.web.servlet.DispatcherServlet -
                Initializing Servlet 'dispatcherServlet'
2021-07-02 19:09:23 [http-nio-9092-exec-2] INFO  o.s.web.servlet.DispatcherServlet -
                Completed initialization in 18 ms
2021-07-02 19:09:23 [http-nio-9092-exec-2] INFO  com.ust.Aspectj.LoggingAspect -
                before called.... place
2021-07-02 19:09:42 [http-nio-9092-exec-2] INFO  com.ust.Aspectj.LoggingAspect -
                after returning called.... place
2021-07-02 19:09:42 [http-nio-9092-exec-2] INFO  com.ust.Aspectj.LoggingAspect -
                after called.... place
2021-07-02 19:38:52 [RMI TCP Connection(51)-127.0.0.1] INFO  o.s.b.a.SpringApplicationAdminMXBeanRegistrar$SpringApplicationAdmin -
                Application shutdown requested.
2021-07-02 19:38:58 [RMI TCP Connection(51)-127.0.0.1] INFO  o.s.o.j.LocalContainerEntityManagerFactoryBean -
                Closing JPA EntityManagerFactory for persistence unit 'default'
2021-07-02 19:38:58 [RMI TCP Connection(51)-127.0.0.1] INFO  com.zaxxer.hikari.HikariDataSource -
                HikariPool-1 - Shutdown initiated...
2021-07-02 19:38:59 [RMI TCP Connection(51)-127.0.0.1] INFO  com.zaxxer.hikari.HikariDataSource -
                HikariPool-1 - Shutdown completed.
