{"@timestamp":"2021-07-28T20:56:37.293+05:30","@version":"1","message":"Starting AccountServiceApplication using Java 15.0.1 on DESKTOP-E7BVR8E with PID 4908 (G:\\workSpace1\\simple_product_service_app_springboot\\AccountService\\target\\classes started by anonymous in G:\\workSpace1\\simple_product_service_app_springboot\\AccountService)","logger_name":"com.ust.account.AccountServiceApplication","thread_name":"main","level":"INFO","level_value":20000}
{"@timestamp":"2021-07-28T20:56:37.305+05:30","@version":"1","message":"No active profile set, falling back to default profiles: default","logger_name":"com.ust.account.AccountServiceApplication","thread_name":"main","level":"INFO","level_value":20000}
{"@timestamp":"2021-07-28T20:56:38.524+05:30","@version":"1","message":"Bootstrapping Spring Data JPA repositories in DEFAULT mode.","logger_name":"org.springframework.data.repository.config.RepositoryConfigurationDelegate","thread_name":"main","level":"INFO","level_value":20000}
{"@timestamp":"2021-07-28T20:56:38.595+05:30","@version":"1","message":"Finished Spring Data repository scanning in 59 ms. Found 1 JPA repository interfaces.","logger_name":"org.springframework.data.repository.config.RepositoryConfigurationDelegate","thread_name":"main","level":"INFO","level_value":20000}
{"@timestamp":"2021-07-28T20:56:39.458+05:30","@version":"1","message":"Tomcat initialized with port(s): 9098 (http)","logger_name":"org.springframework.boot.web.embedded.tomcat.TomcatWebServer","thread_name":"main","level":"INFO","level_value":20000}
{"@timestamp":"2021-07-28T20:56:39.474+05:30","@version":"1","message":"Initializing ProtocolHandler [\"http-nio-9098\"]","logger_name":"org.apache.coyote.http11.Http11NioProtocol","thread_name":"main","level":"INFO","level_value":20000}
{"@timestamp":"2021-07-28T20:56:39.475+05:30","@version":"1","message":"Starting service [Tomcat]","logger_name":"org.apache.catalina.core.StandardService","thread_name":"main","level":"INFO","level_value":20000}
{"@timestamp":"2021-07-28T20:56:39.475+05:30","@version":"1","message":"Starting Servlet engine: [Apache Tomcat/9.0.46]","logger_name":"org.apache.catalina.core.StandardEngine","thread_name":"main","level":"INFO","level_value":20000}
{"@timestamp":"2021-07-28T20:56:39.779+05:30","@version":"1","message":"Initializing Spring embedded WebApplicationContext","logger_name":"org.apache.catalina.core.ContainerBase.[Tomcat].[localhost].[/]","thread_name":"main","level":"INFO","level_value":20000}
{"@timestamp":"2021-07-28T20:56:39.779+05:30","@version":"1","message":"Root WebApplicationContext: initialization completed in 2406 ms","logger_name":"org.springframework.boot.web.servlet.context.ServletWebServerApplicationContext","thread_name":"main","level":"INFO","level_value":20000}
{"@timestamp":"2021-07-28T20:56:39.924+05:30","@version":"1","message":"HikariPool-1 - Starting...","logger_name":"com.zaxxer.hikari.HikariDataSource","thread_name":"main","level":"INFO","level_value":20000}
{"@timestamp":"2021-07-28T20:56:40.180+05:30","@version":"1","message":"HikariPool-1 - Start completed.","logger_name":"com.zaxxer.hikari.HikariDataSource","thread_name":"main","level":"INFO","level_value":20000}
{"@timestamp":"2021-07-28T20:56:40.363+05:30","@version":"1","message":"HHH000204: Processing PersistenceUnitInfo [name: default]","logger_name":"org.hibernate.jpa.internal.util.LogHelper","thread_name":"main","level":"INFO","level_value":20000}
{"@timestamp":"2021-07-28T20:56:40.445+05:30","@version":"1","message":"HHH000412: Hibernate ORM core version 5.4.32.Final","logger_name":"org.hibernate.Version","thread_name":"main","level":"INFO","level_value":20000}
{"@timestamp":"2021-07-28T20:56:40.638+05:30","@version":"1","message":"HCANN000001: Hibernate Commons Annotations {5.1.2.Final}","logger_name":"org.hibernate.annotations.common.Version","thread_name":"main","level":"INFO","level_value":20000}
{"@timestamp":"2021-07-28T20:56:40.800+05:30","@version":"1","message":"HHH000400: Using dialect: org.hibernate.dialect.MySQL5InnoDBDialect","logger_name":"org.hibernate.dialect.Dialect","thread_name":"main","level":"INFO","level_value":20000}
{"@timestamp":"2021-07-28T20:56:42.078+05:30","@version":"1","message":"HHH000490: Using JtaPlatform implementation: [org.hibernate.engine.transaction.jta.platform.internal.NoJtaPlatform]","logger_name":"org.hibernate.engine.transaction.jta.platform.internal.JtaPlatformInitiator","thread_name":"main","level":"INFO","level_value":20000}
{"@timestamp":"2021-07-28T20:56:42.110+05:30","@version":"1","message":"Initialized JPA EntityManagerFactory for persistence unit 'default'","logger_name":"org.springframework.orm.jpa.LocalContainerEntityManagerFactoryBean","thread_name":"main","level":"INFO","level_value":20000}
{"@timestamp":"2021-07-28T20:56:43.141+05:30","@version":"1","message":"spring.jpa.open-in-view is enabled by default. Therefore, database queries may be performed during view rendering. Explicitly configure spring.jpa.open-in-view to disable this warning","logger_name":"org.springframework.boot.autoconfigure.orm.jpa.JpaBaseConfiguration$JpaWebConfiguration","thread_name":"main","level":"WARN","level_value":30000}
{"@timestamp":"2021-07-28T20:56:43.370+05:30","@version":"1","message":"Mapped URL path [/v2/api-docs] onto method [springfox.documentation.swagger2.web.Swagger2Controller#getDocumentation(String, HttpServletRequest)]","logger_name":"springfox.documentation.spring.web.PropertySourcedRequestMappingHandlerMapping","thread_name":"main","level":"INFO","level_value":20000}
{"@timestamp":"2021-07-28T20:56:44.064+05:30","@version":"1","message":"Starting ProtocolHandler [\"http-nio-9098\"]","logger_name":"org.apache.coyote.http11.Http11NioProtocol","thread_name":"main","level":"INFO","level_value":20000}
{"@timestamp":"2021-07-28T20:56:44.100+05:30","@version":"1","message":"Tomcat started on port(s): 9098 (http) with context path ''","logger_name":"org.springframework.boot.web.embedded.tomcat.TomcatWebServer","thread_name":"main","level":"INFO","level_value":20000}
{"@timestamp":"2021-07-28T20:56:44.101+05:30","@version":"1","message":"Context refreshed","logger_name":"springfox.documentation.spring.web.plugins.DocumentationPluginsBootstrapper","thread_name":"main","level":"INFO","level_value":20000}
{"@timestamp":"2021-07-28T20:56:44.125+05:30","@version":"1","message":"Found 1 custom documentation plugin(s)","logger_name":"springfox.documentation.spring.web.plugins.DocumentationPluginsBootstrapper","thread_name":"main","level":"INFO","level_value":20000}
{"@timestamp":"2021-07-28T20:56:44.163+05:30","@version":"1","message":"Scanning for api listing references","logger_name":"springfox.documentation.spring.web.scanners.ApiListingReferenceScanner","thread_name":"main","level":"INFO","level_value":20000}
{"@timestamp":"2021-07-28T20:56:44.396+05:30","@version":"1","message":"Started AccountServiceApplication in 7.665 seconds (JVM running for 9.552)","logger_name":"com.ust.account.AccountServiceApplication","thread_name":"main","level":"INFO","level_value":20000}
{"@timestamp":"2021-07-28T21:23:32.566+05:30","@version":"1","message":"Application shutdown requested.","logger_name":"org.springframework.boot.admin.SpringApplicationAdminMXBeanRegistrar$SpringApplicationAdmin","thread_name":"RMI TCP Connection(33)-127.0.0.1","level":"INFO","level_value":20000}
{"@timestamp":"2021-07-28T21:23:32.908+05:30","@version":"1","message":"Closing JPA EntityManagerFactory for persistence unit 'default'","logger_name":"org.springframework.orm.jpa.LocalContainerEntityManagerFactoryBean","thread_name":"RMI TCP Connection(33)-127.0.0.1","level":"INFO","level_value":20000}
{"@timestamp":"2021-07-28T21:23:32.949+05:30","@version":"1","message":"HikariPool-1 - Shutdown initiated...","logger_name":"com.zaxxer.hikari.HikariDataSource","thread_name":"RMI TCP Connection(33)-127.0.0.1","level":"INFO","level_value":20000}
{"@timestamp":"2021-07-28T21:23:33.485+05:30","@version":"1","message":"HikariPool-1 - Shutdown completed.","logger_name":"com.zaxxer.hikari.HikariDataSource","thread_name":"RMI TCP Connection(33)-127.0.0.1","level":"INFO","level_value":20000}
