2021-07-02 09:53:23 [main] INFO  c.u.a.AccountServiceApplication -
                Starting AccountServiceApplication using Java 15.0.1 on DESKTOP-E7BVR8E with PID 7004 (G:\workSpace1\Account\AccountService\target\classes started by anonymous in G:\workSpace1\Account\AccountService)
2021-07-02 09:53:23 [main] INFO  c.u.a.AccountServiceApplication -
                No active profile set, falling back to default profiles: default
2021-07-02 09:53:31 [main] INFO  o.s.d.r.c.RepositoryConfigurationDelegate -
                Bootstrapping Spring Data JPA repositories in DEFAULT mode.
2021-07-02 09:53:32 [main] INFO  o.s.d.r.c.RepositoryConfigurationDelegate -
                Finished Spring Data repository scanning in 1226 ms. Found 1 JPA repository interfaces.
2021-07-02 09:53:36 [main] INFO  o.s.b.w.e.tomcat.TomcatWebServer -
                Tomcat initialized with port(s): 9098 (http)
2021-07-02 09:53:36 [main] INFO  o.a.coyote.http11.Http11NioProtocol -
                Initializing ProtocolHandler ["http-nio-9098"]
2021-07-02 09:53:36 [main] INFO  o.a.catalina.core.StandardService -
                Starting service [Tomcat]
2021-07-02 09:53:36 [main] INFO  o.a.catalina.core.StandardEngine -
                Starting Servlet engine: [Apache Tomcat/9.0.46]
2021-07-02 09:53:36 [main] INFO  o.a.c.c.C.[Tomcat].[localhost].[/] -
                Initializing Spring embedded WebApplicationContext
2021-07-02 09:53:36 [main] INFO  o.s.b.w.s.c.ServletWebServerApplicationContext -
                Root WebApplicationContext: initialization completed in 13209 ms
2021-07-02 09:53:37 [main] INFO  com.zaxxer.hikari.HikariDataSource -
                HikariPool-1 - Starting...
2021-07-02 09:53:40 [main] INFO  com.zaxxer.hikari.HikariDataSource -
                HikariPool-1 - Start completed.
2021-07-02 09:53:42 [main] INFO  o.h.jpa.internal.util.LogHelper -
                HHH000204: Processing PersistenceUnitInfo [name: default]
2021-07-02 09:53:42 [main] INFO  org.hibernate.Version -
                HHH000412: Hibernate ORM core version 5.4.32.Final
2021-07-02 09:53:43 [main] INFO  o.h.annotations.common.Version -
                HCANN000001: Hibernate Commons Annotations {5.1.2.Final}
2021-07-02 09:53:44 [main] INFO  org.hibernate.dialect.Dialect -
                HHH000400: Using dialect: org.hibernate.dialect.MySQL5InnoDBDialect
2021-07-02 09:53:49 [main] INFO  o.h.e.t.j.p.i.JtaPlatformInitiator -
                HHH000490: Using JtaPlatform implementation: [org.hibernate.engine.transaction.jta.platform.internal.NoJtaPlatform]
2021-07-02 09:53:49 [main] INFO  o.s.o.j.LocalContainerEntityManagerFactoryBean -
                Initialized JPA EntityManagerFactory for persistence unit 'default'
2021-07-02 09:53:50 [main] WARN  o.s.b.a.o.j.JpaBaseConfiguration$JpaWebConfiguration -
                spring.jpa.open-in-view is enabled by default. Therefore, database queries may be performed during view rendering. Explicitly configure spring.jpa.open-in-view to disable this warning
2021-07-02 09:53:51 [main] INFO  s.d.s.w.PropertySourcedRequestMappingHandlerMapping -
                Mapped URL path [/v2/api-docs] onto method [springfox.documentation.swagger2.web.Swagger2Controller#getDocumentation(String, HttpServletRequest)]
2021-07-02 09:53:52 [main] INFO  o.a.coyote.http11.Http11NioProtocol -
                Starting ProtocolHandler ["http-nio-9098"]
2021-07-02 09:53:52 [main] INFO  o.s.b.w.e.tomcat.TomcatWebServer -
                Tomcat started on port(s): 9098 (http) with context path ''
2021-07-02 09:53:52 [main] INFO  s.d.s.w.p.DocumentationPluginsBootstrapper -
                Context refreshed
2021-07-02 09:53:52 [main] INFO  s.d.s.w.p.DocumentationPluginsBootstrapper -
                Found 1 custom documentation plugin(s)
2021-07-02 09:53:52 [main] INFO  s.d.s.w.s.ApiListingReferenceScanner -
                Scanning for api listing references
2021-07-02 09:53:52 [main] INFO  c.u.a.AccountServiceApplication -
                Started AccountServiceApplication in 32.872 seconds (JVM running for 39.326)
2021-07-02 09:54:37 [http-nio-9098-exec-1] INFO  o.a.c.c.C.[Tomcat].[localhost].[/] -
                Initializing Spring DispatcherServlet 'dispatcherServlet'
2021-07-02 09:54:37 [http-nio-9098-exec-1] INFO  o.s.web.servlet.DispatcherServlet -
                Initializing Servlet 'dispatcherServlet'
2021-07-02 09:54:37 [http-nio-9098-exec-1] INFO  o.s.web.servlet.DispatcherServlet -
                Completed initialization in 4 ms
2021-07-02 10:00:49 [RMI TCP Connection(20)-127.0.0.1] INFO  o.s.b.a.SpringApplicationAdminMXBeanRegistrar$SpringApplicationAdmin -
                Application shutdown requested.
2021-07-02 10:00:49 [RMI TCP Connection(20)-127.0.0.1] INFO  o.s.o.j.LocalContainerEntityManagerFactoryBean -
                Closing JPA EntityManagerFactory for persistence unit 'default'
2021-07-02 10:00:49 [RMI TCP Connection(20)-127.0.0.1] INFO  com.zaxxer.hikari.HikariDataSource -
                HikariPool-1 - Shutdown initiated...
2021-07-02 10:00:49 [RMI TCP Connection(20)-127.0.0.1] INFO  com.zaxxer.hikari.HikariDataSource -
                HikariPool-1 - Shutdown completed.
