2021-06-30 00:10:22 [main] INFO  o.s.b.t.a.w.s.WebMvcTestContextBootstrapper -
                Neither @ContextConfiguration nor @ContextHierarchy found for test class [com.ust.AccountControllerTest.AccountControlllerTest], using SpringBootContextLoader
2021-06-30 00:10:22 [main] INFO  o.s.t.c.s.AbstractContextLoader -
                Could not detect default resource locations for test class [com.ust.AccountControllerTest.AccountControlllerTest]: no resource found for suffixes {-context.xml, Context.groovy}.
2021-06-30 00:10:22 [main] INFO  o.s.t.c.s.AnnotationConfigContextLoaderUtils -
                Could not detect default configuration classes for test class [com.ust.AccountControllerTest.AccountControlllerTest]: AccountControlllerTest does not declare any static, non-private, non-final, nested classes annotated with @Configuration.
2021-06-30 00:10:23 [main] INFO  o.s.b.t.c.SpringBootTestContextBootstrapper -
                Neither @ContextConfiguration nor @ContextHierarchy found for test class [com.ust.AccountServiceTest.ServiceImplTest], using SpringBootContextLoader
2021-06-30 00:10:23 [main] INFO  o.s.t.c.s.AbstractContextLoader -
                Could not detect default resource locations for test class [com.ust.AccountServiceTest.ServiceImplTest]: no resource found for suffixes {-context.xml, Context.groovy}.
2021-06-30 00:10:24 [main] INFO  o.s.b.t.c.SpringBootTestContextBootstrapper -
                Loaded default TestExecutionListener class names from location [META-INF/spring.factories]: [org.springframework.boot.test.mock.mockito.MockitoTestExecutionListener, org.springframework.boot.test.mock.mockito.ResetMocksTestExecutionListener, org.springframework.boot.test.autoconfigure.restdocs.RestDocsTestExecutionListener, org.springframework.boot.test.autoconfigure.web.client.MockRestServiceServerResetTestExecutionListener, org.springframework.boot.test.autoconfigure.web.servlet.MockMvcPrintOnlyOnFailureTestExecutionListener, org.springframework.boot.test.autoconfigure.web.servlet.WebDriverTestExecutionListener, org.springframework.boot.test.autoconfigure.webservices.client.MockWebServiceServerTestExecutionListener, org.springframework.test.context.web.ServletTestExecutionListener, org.springframework.test.context.support.DirtiesContextBeforeModesTestExecutionListener, org.springframework.test.context.event.ApplicationEventsTestExecutionListener, org.springframework.test.context.support.DependencyInjectionTestExecutionListener, org.springframework.test.context.support.DirtiesContextTestExecutionListener, org.springframework.test.context.transaction.TransactionalTestExecutionListener, org.springframework.test.context.jdbc.SqlScriptsTestExecutionListener, org.springframework.test.context.event.EventPublishingTestExecutionListener]
2021-06-30 00:10:24 [main] INFO  o.s.b.t.c.SpringBootTestContextBootstrapper -
                Using TestExecutionListeners: [org.springframework.test.context.web.ServletTestExecutionListener@3ebff828, org.springframework.test.context.support.DirtiesContextBeforeModesTestExecutionListener@2552f2cb, org.springframework.test.context.event.ApplicationEventsTestExecutionListener@33352f32, org.springframework.boot.test.mock.mockito.MockitoTestExecutionListener@5f3b9c57, org.springframework.boot.test.autoconfigure.SpringBootDependencyInjectionTestExecutionListener@1e044120, org.springframework.test.context.support.DirtiesContextTestExecutionListener@2cf23c81, org.springframework.test.context.transaction.TransactionalTestExecutionListener@3624da92, org.springframework.test.context.jdbc.SqlScriptsTestExecutionListener@35fe2125, org.springframework.test.context.event.EventPublishingTestExecutionListener@94f6bfb, org.springframework.boot.test.mock.mockito.ResetMocksTestExecutionListener@34645867, org.springframework.boot.test.autoconfigure.restdocs.RestDocsTestExecutionListener@2484f433, org.springframework.boot.test.autoconfigure.web.client.MockRestServiceServerResetTestExecutionListener@60b71e8f, org.springframework.boot.test.autoconfigure.web.servlet.MockMvcPrintOnlyOnFailureTestExecutionListener@1255b1d1, org.springframework.boot.test.autoconfigure.web.servlet.WebDriverTestExecutionListener@464649c, org.springframework.boot.test.autoconfigure.webservices.client.MockWebServiceServerTestExecutionListener@7c22d4f]
2021-06-30 00:10:26 [main] INFO  c.u.A.ServiceImplTest -
                Starting ServiceImplTest using Java 15.0.1 on DESKTOP-E7BVR8E with PID 7148 (started by anonymous in G:\workSpace1\Account\AccountService)
2021-06-30 00:10:26 [main] INFO  c.u.A.ServiceImplTest -
                No active profile set, falling back to default profiles: default
2021-06-30 00:10:30 [main] INFO  o.s.d.r.c.RepositoryConfigurationDelegate -
                Bootstrapping Spring Data JPA repositories in DEFAULT mode.
2021-06-30 00:10:30 [main] INFO  o.s.d.r.c.RepositoryConfigurationDelegate -
                Finished Spring Data repository scanning in 195 ms. Found 1 JPA repository interfaces.
2021-06-30 00:10:35 [main] INFO  com.zaxxer.hikari.HikariDataSource -
                HikariPool-1 - Starting...
2021-06-30 00:10:36 [main] INFO  com.zaxxer.hikari.HikariDataSource -
                HikariPool-1 - Start completed.
2021-06-30 00:10:37 [main] INFO  o.h.jpa.internal.util.LogHelper -
                HHH000204: Processing PersistenceUnitInfo [name: default]
2021-06-30 00:10:39 [main] INFO  org.hibernate.Version -
                HHH000412: Hibernate ORM core version 5.4.32.Final
2021-06-30 00:10:39 [main] INFO  o.h.annotations.common.Version -
                HCANN000001: Hibernate Commons Annotations {5.1.2.Final}
2021-06-30 00:10:40 [main] INFO  org.hibernate.dialect.Dialect -
                HHH000400: Using dialect: org.hibernate.dialect.MySQL5InnoDBDialect
2021-06-30 00:10:42 [main] INFO  o.h.e.t.j.p.i.JtaPlatformInitiator -
                HHH000490: Using JtaPlatform implementation: [org.hibernate.engine.transaction.jta.platform.internal.NoJtaPlatform]
2021-06-30 00:10:42 [main] INFO  o.s.o.j.LocalContainerEntityManagerFactoryBean -
                Initialized JPA EntityManagerFactory for persistence unit 'default'
2021-06-30 00:10:44 [main] WARN  o.s.b.a.o.j.JpaBaseConfiguration$JpaWebConfiguration -
                spring.jpa.open-in-view is enabled by default. Therefore, database queries may be performed during view rendering. Explicitly configure spring.jpa.open-in-view to disable this warning
2021-06-30 00:10:46 [main] INFO  s.d.s.w.PropertySourcedRequestMappingHandlerMapping -
                Mapped URL path [/v2/api-docs] onto method [springfox.documentation.swagger2.web.Swagger2Controller#getDocumentation(String, HttpServletRequest)]
2021-06-30 00:10:50 [main] INFO  s.d.s.w.p.DocumentationPluginsBootstrapper -
                Context refreshed
2021-06-30 00:10:50 [main] INFO  s.d.s.w.p.DocumentationPluginsBootstrapper -
                Found 1 custom documentation plugin(s)
2021-06-30 00:10:51 [main] INFO  s.d.s.w.s.ApiListingReferenceScanner -
                Scanning for api listing references
2021-06-30 00:10:52 [main] INFO  c.u.A.ServiceImplTest -
                Started ServiceImplTest in 27.37 seconds (JVM running for 33.269)
2021-06-30 00:10:53 [SpringApplicationShutdownHook] INFO  o.s.o.j.LocalContainerEntityManagerFactoryBean -
                Closing JPA EntityManagerFactory for persistence unit 'default'
2021-06-30 00:10:53 [SpringApplicationShutdownHook] INFO  com.zaxxer.hikari.HikariDataSource -
                HikariPool-1 - Shutdown initiated...
2021-06-30 00:10:53 [SpringApplicationShutdownHook] INFO  com.zaxxer.hikari.HikariDataSource -
                HikariPool-1 - Shutdown completed.
