2021-06-30 16:51:38 [main] INFO  o.s.b.t.c.SpringBootTestContextBootstrapper -
                Neither @ContextConfiguration nor @ContextHierarchy found for test class [com.ust.account.serviceTest.ServiceTest], using SpringBootContextLoader
2021-06-30 16:51:38 [main] INFO  o.s.t.c.s.AbstractContextLoader -
                Could not detect default resource locations for test class [com.ust.account.serviceTest.ServiceTest]: no resource found for suffixes {-context.xml, Context.groovy}.
2021-06-30 16:51:38 [main] INFO  o.s.b.t.c.SpringBootTestContextBootstrapper -
                Loaded default TestExecutionListener class names from location [META-INF/spring.factories]: [org.springframework.boot.test.mock.mockito.MockitoTestExecutionListener, org.springframework.boot.test.mock.mockito.ResetMocksTestExecutionListener, org.springframework.boot.test.autoconfigure.restdocs.RestDocsTestExecutionListener, org.springframework.boot.test.autoconfigure.web.client.MockRestServiceServerResetTestExecutionListener, org.springframework.boot.test.autoconfigure.web.servlet.MockMvcPrintOnlyOnFailureTestExecutionListener, org.springframework.boot.test.autoconfigure.web.servlet.WebDriverTestExecutionListener, org.springframework.boot.test.autoconfigure.webservices.client.MockWebServiceServerTestExecutionListener, org.springframework.test.context.web.ServletTestExecutionListener, org.springframework.test.context.support.DirtiesContextBeforeModesTestExecutionListener, org.springframework.test.context.event.ApplicationEventsTestExecutionListener, org.springframework.test.context.support.DependencyInjectionTestExecutionListener, org.springframework.test.context.support.DirtiesContextTestExecutionListener, org.springframework.test.context.transaction.TransactionalTestExecutionListener, org.springframework.test.context.jdbc.SqlScriptsTestExecutionListener, org.springframework.test.context.event.EventPublishingTestExecutionListener]
2021-06-30 16:51:38 [main] INFO  o.s.b.t.c.SpringBootTestContextBootstrapper -
                Using TestExecutionListeners: [org.springframework.test.context.web.ServletTestExecutionListener@5c00384f, org.springframework.test.context.support.DirtiesContextBeforeModesTestExecutionListener@3b7ff809, org.springframework.test.context.event.ApplicationEventsTestExecutionListener@1bb564e2, org.springframework.boot.test.mock.mockito.MockitoTestExecutionListener@62e6b5c8, org.springframework.boot.test.autoconfigure.SpringBootDependencyInjectionTestExecutionListener@3f792b9b, org.springframework.test.context.support.DirtiesContextTestExecutionListener@7b8233cd, org.springframework.test.context.transaction.TransactionalTestExecutionListener@4b20ca2b, org.springframework.test.context.jdbc.SqlScriptsTestExecutionListener@1cbf6e72, org.springframework.test.context.event.EventPublishingTestExecutionListener@6aecbb8d, org.springframework.boot.test.mock.mockito.ResetMocksTestExecutionListener@1af146, org.springframework.boot.test.autoconfigure.restdocs.RestDocsTestExecutionListener@4da602fc, org.springframework.boot.test.autoconfigure.web.client.MockRestServiceServerResetTestExecutionListener@2a8d39c4, org.springframework.boot.test.autoconfigure.web.servlet.MockMvcPrintOnlyOnFailureTestExecutionListener@25b2cfcb, org.springframework.boot.test.autoconfigure.web.servlet.WebDriverTestExecutionListener@72758afa, org.springframework.boot.test.autoconfigure.webservices.client.MockWebServiceServerTestExecutionListener@fb9c7aa]
2021-06-30 16:51:39 [main] INFO  c.u.account.serviceTest.ServiceTest -
                Starting ServiceTest using Java 15.0.1 on DESKTOP-E7BVR8E with PID 7688 (started by anonymous in G:\workSpace1\Account\AccountService)
2021-06-30 16:51:39 [main] INFO  c.u.account.serviceTest.ServiceTest -
                No active profile set, falling back to default profiles: default
2021-06-30 16:51:41 [main] INFO  o.s.d.r.c.RepositoryConfigurationDelegate -
                Bootstrapping Spring Data JPA repositories in DEFAULT mode.
2021-06-30 16:51:41 [main] INFO  o.s.d.r.c.RepositoryConfigurationDelegate -
                Finished Spring Data repository scanning in 125 ms. Found 1 JPA repository interfaces.
2021-06-30 16:51:44 [main] INFO  com.zaxxer.hikari.HikariDataSource -
                HikariPool-1 - Starting...
2021-06-30 16:51:44 [main] INFO  com.zaxxer.hikari.HikariDataSource -
                HikariPool-1 - Start completed.
2021-06-30 16:51:44 [main] INFO  o.h.jpa.internal.util.LogHelper -
                HHH000204: Processing PersistenceUnitInfo [name: default]
2021-06-30 16:51:44 [main] INFO  org.hibernate.Version -
                HHH000412: Hibernate ORM core version 5.4.32.Final
2021-06-30 16:51:44 [main] INFO  o.h.annotations.common.Version -
                HCANN000001: Hibernate Commons Annotations {5.1.2.Final}
2021-06-30 16:51:45 [main] INFO  org.hibernate.dialect.Dialect -
                HHH000400: Using dialect: org.hibernate.dialect.MySQL5InnoDBDialect
2021-06-30 16:51:46 [main] INFO  o.h.e.t.j.p.i.JtaPlatformInitiator -
                HHH000490: Using JtaPlatform implementation: [org.hibernate.engine.transaction.jta.platform.internal.NoJtaPlatform]
2021-06-30 16:51:46 [main] INFO  o.s.o.j.LocalContainerEntityManagerFactoryBean -
                Initialized JPA EntityManagerFactory for persistence unit 'default'
2021-06-30 16:51:46 [main] WARN  o.s.b.a.o.j.JpaBaseConfiguration$JpaWebConfiguration -
                spring.jpa.open-in-view is enabled by default. Therefore, database queries may be performed during view rendering. Explicitly configure spring.jpa.open-in-view to disable this warning
2021-06-30 16:51:47 [main] INFO  s.d.s.w.PropertySourcedRequestMappingHandlerMapping -
                Mapped URL path [/v2/api-docs] onto method [springfox.documentation.swagger2.web.Swagger2Controller#getDocumentation(String, HttpServletRequest)]
2021-06-30 16:51:49 [main] INFO  s.d.s.w.p.DocumentationPluginsBootstrapper -
                Context refreshed
2021-06-30 16:51:49 [main] INFO  s.d.s.w.p.DocumentationPluginsBootstrapper -
                Found 1 custom documentation plugin(s)
2021-06-30 16:51:49 [main] INFO  s.d.s.w.s.ApiListingReferenceScanner -
                Scanning for api listing references
2021-06-30 16:51:49 [main] INFO  c.u.account.serviceTest.ServiceTest -
                Started ServiceTest in 10.854 seconds (JVM running for 13.405)
2021-06-30 16:51:50 [SpringApplicationShutdownHook] INFO  o.s.o.j.LocalContainerEntityManagerFactoryBean -
                Closing JPA EntityManagerFactory for persistence unit 'default'
2021-06-30 16:51:50 [SpringApplicationShutdownHook] INFO  com.zaxxer.hikari.HikariDataSource -
                HikariPool-1 - Shutdown initiated...
2021-06-30 16:51:50 [SpringApplicationShutdownHook] INFO  com.zaxxer.hikari.HikariDataSource -
                HikariPool-1 - Shutdown completed.
