2021-06-28 15:03:46 [main] INFO  c.u.a.AccountServiceApplication -
                Starting AccountServiceApplication using Java 15.0.1 on DESKTOP-E7BVR8E with PID 9792 (G:\workSpace1\Account\AccountService\target\classes started by anonymous in G:\workSpace1\Account\AccountService)
2021-06-28 15:03:46 [main] INFO  c.u.a.AccountServiceApplication -
                No active profile set, falling back to default profiles: default
2021-06-28 15:03:50 [main] INFO  o.s.d.r.c.RepositoryConfigurationDelegate -
                Bootstrapping Spring Data JPA repositories in DEFAULT mode.
2021-06-28 15:03:50 [main] INFO  o.s.d.r.c.RepositoryConfigurationDelegate -
                Finished Spring Data repository scanning in 164 ms. Found 1 JPA repository interfaces.
2021-06-28 15:03:52 [main] INFO  o.s.b.w.e.tomcat.TomcatWebServer -
                Tomcat initialized with port(s): 9098 (http)
2021-06-28 15:03:52 [main] INFO  o.a.coyote.http11.Http11NioProtocol -
                Initializing ProtocolHandler ["http-nio-9098"]
2021-06-28 15:03:52 [main] INFO  o.a.catalina.core.StandardService -
                Starting service [Tomcat]
2021-06-28 15:03:52 [main] INFO  o.a.catalina.core.StandardEngine -
                Starting Servlet engine: [Apache Tomcat/9.0.46]
2021-06-28 15:03:53 [main] INFO  o.a.c.c.C.[Tomcat].[localhost].[/] -
                Initializing Spring embedded WebApplicationContext
2021-06-28 15:03:53 [main] INFO  o.s.b.w.s.c.ServletWebServerApplicationContext -
                Root WebApplicationContext: initialization completed in 6405 ms
2021-06-28 15:03:53 [main] INFO  com.zaxxer.hikari.HikariDataSource -
                HikariPool-1 - Starting...
2021-06-28 15:03:54 [main] INFO  com.zaxxer.hikari.HikariDataSource -
                HikariPool-1 - Start completed.
2021-06-28 15:03:55 [main] INFO  o.h.jpa.internal.util.LogHelper -
                HHH000204: Processing PersistenceUnitInfo [name: default]
2021-06-28 15:03:55 [main] INFO  org.hibernate.Version -
                HHH000412: Hibernate ORM core version 5.4.32.Final
2021-06-28 15:03:56 [main] INFO  o.h.annotations.common.Version -
                HCANN000001: Hibernate Commons Annotations {5.1.2.Final}
2021-06-28 15:03:56 [main] INFO  org.hibernate.dialect.Dialect -
                HHH000400: Using dialect: org.hibernate.dialect.MySQL5InnoDBDialect
2021-06-28 15:03:58 [main] INFO  o.h.e.t.j.p.i.JtaPlatformInitiator -
                HHH000490: Using JtaPlatform implementation: [org.hibernate.engine.transaction.jta.platform.internal.NoJtaPlatform]
2021-06-28 15:03:58 [main] INFO  o.s.o.j.LocalContainerEntityManagerFactoryBean -
                Initialized JPA EntityManagerFactory for persistence unit 'default'
2021-06-28 15:04:00 [main] WARN  o.s.b.a.o.j.JpaBaseConfiguration$JpaWebConfiguration -
                spring.jpa.open-in-view is enabled by default. Therefore, database queries may be performed during view rendering. Explicitly configure spring.jpa.open-in-view to disable this warning
2021-06-28 15:04:01 [main] INFO  o.a.coyote.http11.Http11NioProtocol -
                Starting ProtocolHandler ["http-nio-9098"]
2021-06-28 15:04:01 [main] INFO  o.s.b.w.e.tomcat.TomcatWebServer -
                Tomcat started on port(s): 9098 (http) with context path ''
2021-06-28 15:04:01 [main] INFO  c.u.a.AccountServiceApplication -
                Started AccountServiceApplication in 17.261 seconds (JVM running for 22.663)
2021-06-28 15:06:45 [http-nio-9098-exec-2] INFO  o.a.c.c.C.[Tomcat].[localhost].[/] -
                Initializing Spring DispatcherServlet 'dispatcherServlet'
2021-06-28 15:06:45 [http-nio-9098-exec-2] INFO  o.s.web.servlet.DispatcherServlet -
                Initializing Servlet 'dispatcherServlet'
2021-06-28 15:06:45 [http-nio-9098-exec-2] INFO  o.s.web.servlet.DispatcherServlet -
                Completed initialization in 4 ms
2021-06-28 15:07:11 [http-nio-9098-exec-1] INFO  c.ust.account.Aspectj.LoggingAspect -
                before called-------------->getUserById
2021-06-28 15:07:12 [http-nio-9098-exec-1] INFO  c.ust.account.Aspectj.LoggingAspect -
                after returning called-------------->getUserById
2021-06-28 15:07:12 [http-nio-9098-exec-1] INFO  c.ust.account.Aspectj.LoggingAspect -
                after called-------------->getUserById
2021-06-28 15:07:34 [http-nio-9098-exec-5] INFO  c.ust.account.Aspectj.LoggingAspect -
                before called-------------->ageSort
2021-06-28 15:07:34 [http-nio-9098-exec-5] INFO  c.ust.account.Aspectj.LoggingAspect -
                after returning called-------------->ageSort
2021-06-28 15:07:34 [http-nio-9098-exec-5] INFO  c.ust.account.Aspectj.LoggingAspect -
                after called-------------->ageSort
2021-06-28 15:08:19 [http-nio-9098-exec-4] INFO  c.ust.account.Aspectj.LoggingAspect -
                before called-------------->Create
2021-06-28 15:08:21 [http-nio-9098-exec-4] INFO  c.ust.account.Aspectj.LoggingAspect -
                after returning called-------------->Create
2021-06-28 15:08:21 [http-nio-9098-exec-4] INFO  c.ust.account.Aspectj.LoggingAspect -
                after called-------------->Create
2021-06-28 15:08:33 [http-nio-9098-exec-6] INFO  c.ust.account.Aspectj.LoggingAspect -
                before called-------------->ageSort
2021-06-28 15:08:33 [http-nio-9098-exec-6] INFO  c.ust.account.Aspectj.LoggingAspect -
                after returning called-------------->ageSort
2021-06-28 15:08:33 [http-nio-9098-exec-6] INFO  c.ust.account.Aspectj.LoggingAspect -
                after called-------------->ageSort
2021-06-28 15:26:13 [RMI TCP Connection(36)-127.0.0.1] INFO  o.s.b.a.SpringApplicationAdminMXBeanRegistrar$SpringApplicationAdmin -
                Application shutdown requested.
2021-06-28 15:26:13 [RMI TCP Connection(36)-127.0.0.1] INFO  o.s.o.j.LocalContainerEntityManagerFactoryBean -
                Closing JPA EntityManagerFactory for persistence unit 'default'
2021-06-28 15:26:13 [RMI TCP Connection(36)-127.0.0.1] INFO  com.zaxxer.hikari.HikariDataSource -
                HikariPool-1 - Shutdown initiated...
2021-06-28 15:26:13 [RMI TCP Connection(36)-127.0.0.1] INFO  com.zaxxer.hikari.HikariDataSource -
                HikariPool-1 - Shutdown completed.
