2021-06-28 00:47:58 [main] INFO  c.u.a.AccountServiceApplication -
                Starting AccountServiceApplication using Java 15.0.1 on DESKTOP-E7BVR8E with PID 8924 (G:\workSpace1\Account\AccountService\target\classes started by anonymous in G:\workSpace1\Account\AccountService)
2021-06-28 00:47:58 [main] INFO  c.u.a.AccountServiceApplication -
                No active profile set, falling back to default profiles: default
2021-06-28 00:47:59 [main] INFO  o.s.d.r.c.RepositoryConfigurationDelegate -
                Bootstrapping Spring Data JPA repositories in DEFAULT mode.
2021-06-28 00:47:59 [main] INFO  o.s.d.r.c.RepositoryConfigurationDelegate -
                Finished Spring Data repository scanning in 61 ms. Found 1 JPA repository interfaces.
2021-06-28 00:48:00 [main] INFO  o.s.b.w.e.tomcat.TomcatWebServer -
                Tomcat initialized with port(s): 9098 (http)
2021-06-28 00:48:00 [main] INFO  o.a.coyote.http11.Http11NioProtocol -
                Initializing ProtocolHandler ["http-nio-9098"]
2021-06-28 00:48:00 [main] INFO  o.a.catalina.core.StandardService -
                Starting service [Tomcat]
2021-06-28 00:48:00 [main] INFO  o.a.catalina.core.StandardEngine -
                Starting Servlet engine: [Apache Tomcat/9.0.46]
2021-06-28 00:48:01 [main] INFO  o.a.c.c.C.[Tomcat].[localhost].[/] -
                Initializing Spring embedded WebApplicationContext
2021-06-28 00:48:01 [main] INFO  o.s.b.w.s.c.ServletWebServerApplicationContext -
                Root WebApplicationContext: initialization completed in 2726 ms
2021-06-28 00:48:01 [main] INFO  com.zaxxer.hikari.HikariDataSource -
                HikariPool-1 - Starting...
2021-06-28 00:48:03 [main] INFO  com.zaxxer.hikari.HikariDataSource -
                HikariPool-1 - Start completed.
2021-06-28 00:48:03 [main] INFO  o.h.jpa.internal.util.LogHelper -
                HHH000204: Processing PersistenceUnitInfo [name: default]
2021-06-28 00:48:03 [main] INFO  org.hibernate.Version -
                HHH000412: Hibernate ORM core version 5.4.32.Final
2021-06-28 00:48:04 [main] INFO  o.h.annotations.common.Version -
                HCANN000001: Hibernate Commons Annotations {5.1.2.Final}
2021-06-28 00:48:04 [main] INFO  org.hibernate.dialect.Dialect -
                HHH000400: Using dialect: org.hibernate.dialect.MySQL5InnoDBDialect
2021-06-28 00:48:05 [main] INFO  o.h.e.t.j.p.i.JtaPlatformInitiator -
                HHH000490: Using JtaPlatform implementation: [org.hibernate.engine.transaction.jta.platform.internal.NoJtaPlatform]
2021-06-28 00:48:05 [main] INFO  o.s.o.j.LocalContainerEntityManagerFactoryBean -
                Initialized JPA EntityManagerFactory for persistence unit 'default'
2021-06-28 00:48:05 [main] WARN  o.s.b.w.s.c.AnnotationConfigServletWebServerApplicationContext -
                Exception encountered during context initialization - cancelling refresh attempt: org.springframework.beans.factory.UnsatisfiedDependencyException: Error creating bean with name 'accountController': Unsatisfied dependency expressed through field 'convert'; nested exception is org.springframework.beans.factory.NoSuchBeanDefinitionException: No qualifying bean of type 'com.ust.account.Converter.DtoConvert' available: expected at least 1 bean which qualifies as autowire candidate. Dependency annotations: {@org.springframework.beans.factory.annotation.Autowired(required=true)}
2021-06-28 00:48:05 [main] INFO  o.s.o.j.LocalContainerEntityManagerFactoryBean -
                Closing JPA EntityManagerFactory for persistence unit 'default'
2021-06-28 00:48:05 [main] INFO  com.zaxxer.hikari.HikariDataSource -
                HikariPool-1 - Shutdown initiated...
2021-06-28 00:48:06 [main] INFO  com.zaxxer.hikari.HikariDataSource -
                HikariPool-1 - Shutdown completed.
2021-06-28 00:48:06 [main] INFO  o.a.catalina.core.StandardService -
                Stopping service [Tomcat]
2021-06-28 00:48:06 [main] INFO  o.s.b.a.l.ConditionEvaluationReportLoggingListener -
                

Error starting ApplicationContext. To display the conditions report re-run your application with 'debug' enabled.
2021-06-28 00:48:06 [main] ERROR o.s.b.d.LoggingFailureAnalysisReporter -
                

***************************
APPLICATION FAILED TO START
***************************

Description:

Field convert in com.ust.account.Controller.AccountController required a bean of type 'com.ust.account.Converter.DtoConvert' that could not be found.

The injection point has the following annotations:
	- @org.springframework.beans.factory.annotation.Autowired(required=true)


Action:

Consider defining a bean of type 'com.ust.account.Converter.DtoConvert' in your configuration.

