2021-06-30 00:11:17 [main] INFO  o.s.b.t.a.w.s.WebMvcTestContextBootstrapper -
                Neither @ContextConfiguration nor @ContextHierarchy found for test class [com.ust.AccountControllerTest.AccountControlllerTest], using SpringBootContextLoader
2021-06-30 00:11:18 [main] INFO  o.s.t.c.s.AbstractContextLoader -
                Could not detect default resource locations for test class [com.ust.AccountControllerTest.AccountControlllerTest]: no resource found for suffixes {-context.xml, Context.groovy}.
2021-06-30 00:11:18 [main] INFO  o.s.t.c.s.AnnotationConfigContextLoaderUtils -
                Could not detect default configuration classes for test class [com.ust.AccountControllerTest.AccountControlllerTest]: AccountControlllerTest does not declare any static, non-private, non-final, nested classes annotated with @Configuration.
2021-06-30 00:11:18 [main] INFO  o.s.b.t.c.SpringBootTestContextBootstrapper -
                Neither @ContextConfiguration nor @ContextHierarchy found for test class [com.ust.AccountServiceTest.ServiceImplTest], using SpringBootContextLoader
2021-06-30 00:11:18 [main] INFO  o.s.t.c.s.AbstractContextLoader -
                Could not detect default resource locations for test class [com.ust.AccountServiceTest.ServiceImplTest]: no resource found for suffixes {-context.xml, Context.groovy}.
2021-06-30 00:11:19 [main] INFO  o.s.b.t.c.SpringBootTestContextBootstrapper -
                Loaded default TestExecutionListener class names from location [META-INF/spring.factories]: [org.springframework.boot.test.mock.mockito.MockitoTestExecutionListener, org.springframework.boot.test.mock.mockito.ResetMocksTestExecutionListener, org.springframework.boot.test.autoconfigure.restdocs.RestDocsTestExecutionListener, org.springframework.boot.test.autoconfigure.web.client.MockRestServiceServerResetTestExecutionListener, org.springframework.boot.test.autoconfigure.web.servlet.MockMvcPrintOnlyOnFailureTestExecutionListener, org.springframework.boot.test.autoconfigure.web.servlet.WebDriverTestExecutionListener, org.springframework.boot.test.autoconfigure.webservices.client.MockWebServiceServerTestExecutionListener, org.springframework.test.context.web.ServletTestExecutionListener, org.springframework.test.context.support.DirtiesContextBeforeModesTestExecutionListener, org.springframework.test.context.event.ApplicationEventsTestExecutionListener, org.springframework.test.context.support.DependencyInjectionTestExecutionListener, org.springframework.test.context.support.DirtiesContextTestExecutionListener, org.springframework.test.context.transaction.TransactionalTestExecutionListener, org.springframework.test.context.jdbc.SqlScriptsTestExecutionListener, org.springframework.test.context.event.EventPublishingTestExecutionListener]
2021-06-30 00:11:19 [main] INFO  o.s.b.t.c.SpringBootTestContextBootstrapper -
                Using TestExecutionListeners: [org.springframework.test.context.web.ServletTestExecutionListener@3d8bbcdc, org.springframework.test.context.support.DirtiesContextBeforeModesTestExecutionListener@52500920, org.springframework.test.context.event.ApplicationEventsTestExecutionListener@117e0fe5, org.springframework.boot.test.mock.mockito.MockitoTestExecutionListener@18a3962d, org.springframework.boot.test.autoconfigure.SpringBootDependencyInjectionTestExecutionListener@78aea4b9, org.springframework.test.context.support.DirtiesContextTestExecutionListener@2a65bb85, org.springframework.test.context.transaction.TransactionalTestExecutionListener@4b85880b, org.springframework.test.context.jdbc.SqlScriptsTestExecutionListener@4f936da8, org.springframework.test.context.event.EventPublishingTestExecutionListener@4215838f, org.springframework.boot.test.mock.mockito.ResetMocksTestExecutionListener@452ba1db, org.springframework.boot.test.autoconfigure.restdocs.RestDocsTestExecutionListener@2289aca5, org.springframework.boot.test.autoconfigure.web.client.MockRestServiceServerResetTestExecutionListener@76a36b71, org.springframework.boot.test.autoconfigure.web.servlet.MockMvcPrintOnlyOnFailureTestExecutionListener@184497d1, org.springframework.boot.test.autoconfigure.web.servlet.WebDriverTestExecutionListener@f9d87b, org.springframework.boot.test.autoconfigure.webservices.client.MockWebServiceServerTestExecutionListener@6ffab045]
2021-06-30 00:11:21 [main] INFO  c.u.A.ServiceImplTest -
                Starting ServiceImplTest using Java 15.0.1 on DESKTOP-E7BVR8E with PID 12204 (started by anonymous in G:\workSpace1\Account\AccountService)
2021-06-30 00:11:21 [main] INFO  c.u.A.ServiceImplTest -
                No active profile set, falling back to default profiles: default
2021-06-30 00:11:25 [main] INFO  o.s.d.r.c.RepositoryConfigurationDelegate -
                Bootstrapping Spring Data JPA repositories in DEFAULT mode.
2021-06-30 00:11:25 [main] INFO  o.s.d.r.c.RepositoryConfigurationDelegate -
                Finished Spring Data repository scanning in 125 ms. Found 1 JPA repository interfaces.
2021-06-30 00:11:29 [main] INFO  com.zaxxer.hikari.HikariDataSource -
                HikariPool-1 - Starting...
2021-06-30 00:11:30 [main] INFO  com.zaxxer.hikari.HikariDataSource -
                HikariPool-1 - Start completed.
2021-06-30 00:11:32 [main] INFO  o.h.jpa.internal.util.LogHelper -
                HHH000204: Processing PersistenceUnitInfo [name: default]
2021-06-30 00:11:32 [main] INFO  org.hibernate.Version -
                HHH000412: Hibernate ORM core version 5.4.32.Final
2021-06-30 00:11:32 [main] INFO  o.h.annotations.common.Version -
                HCANN000001: Hibernate Commons Annotations {5.1.2.Final}
2021-06-30 00:11:33 [main] INFO  org.hibernate.dialect.Dialect -
                HHH000400: Using dialect: org.hibernate.dialect.MySQL5InnoDBDialect
2021-06-30 00:11:34 [main] INFO  o.h.e.t.j.p.i.JtaPlatformInitiator -
                HHH000490: Using JtaPlatform implementation: [org.hibernate.engine.transaction.jta.platform.internal.NoJtaPlatform]
2021-06-30 00:11:34 [main] INFO  o.s.o.j.LocalContainerEntityManagerFactoryBean -
                Initialized JPA EntityManagerFactory for persistence unit 'default'
2021-06-30 00:11:37 [main] WARN  o.s.b.a.o.j.JpaBaseConfiguration$JpaWebConfiguration -
                spring.jpa.open-in-view is enabled by default. Therefore, database queries may be performed during view rendering. Explicitly configure spring.jpa.open-in-view to disable this warning
2021-06-30 00:11:40 [main] INFO  s.d.s.w.PropertySourcedRequestMappingHandlerMapping -
                Mapped URL path [/v2/api-docs] onto method [springfox.documentation.swagger2.web.Swagger2Controller#getDocumentation(String, HttpServletRequest)]
2021-06-30 00:11:45 [main] INFO  s.d.s.w.p.DocumentationPluginsBootstrapper -
                Context refreshed
2021-06-30 00:11:45 [main] INFO  s.d.s.w.p.DocumentationPluginsBootstrapper -
                Found 1 custom documentation plugin(s)
2021-06-30 00:11:45 [main] INFO  s.d.s.w.s.ApiListingReferenceScanner -
                Scanning for api listing references
2021-06-30 00:11:47 [main] INFO  c.u.A.ServiceImplTest -
                Started ServiceImplTest in 26.881 seconds (JVM running for 31.954)
2021-06-30 00:11:48 [SpringApplicationShutdownHook] INFO  o.s.o.j.LocalContainerEntityManagerFactoryBean -
                Closing JPA EntityManagerFactory for persistence unit 'default'
2021-06-30 00:11:48 [SpringApplicationShutdownHook] INFO  com.zaxxer.hikari.HikariDataSource -
                HikariPool-1 - Shutdown initiated...
2021-06-30 00:11:48 [SpringApplicationShutdownHook] INFO  com.zaxxer.hikari.HikariDataSource -
                HikariPool-1 - Shutdown completed.
