2021-06-27 23:39:03 [main] INFO  c.u.a.AccountServiceApplication -
                Starting AccountServiceApplication using Java 15.0.1 on DESKTOP-E7BVR8E with PID 8900 (G:\workSpace1\Account\AccountService\target\classes started by anonymous in G:\workSpace1\Account\AccountService)
2021-06-27 23:39:03 [main] INFO  c.u.a.AccountServiceApplication -
                No active profile set, falling back to default profiles: default
2021-06-27 23:39:07 [main] INFO  o.s.d.r.c.RepositoryConfigurationDelegate -
                Bootstrapping Spring Data JPA repositories in DEFAULT mode.
2021-06-27 23:39:07 [main] INFO  o.s.d.r.c.RepositoryConfigurationDelegate -
                Finished Spring Data repository scanning in 144 ms. Found 1 JPA repository interfaces.
2021-06-27 23:39:10 [main] INFO  o.s.b.w.e.tomcat.TomcatWebServer -
                Tomcat initialized with port(s): 9098 (http)
2021-06-27 23:39:10 [main] INFO  o.a.coyote.http11.Http11NioProtocol -
                Initializing ProtocolHandler ["http-nio-9098"]
2021-06-27 23:39:10 [main] INFO  o.a.catalina.core.StandardService -
                Starting service [Tomcat]
2021-06-27 23:39:10 [main] INFO  o.a.catalina.core.StandardEngine -
                Starting Servlet engine: [Apache Tomcat/9.0.46]
2021-06-27 23:39:10 [main] INFO  o.a.c.c.C.[Tomcat].[localhost].[/] -
                Initializing Spring embedded WebApplicationContext
2021-06-27 23:39:10 [main] INFO  o.s.b.w.s.c.ServletWebServerApplicationContext -
                Root WebApplicationContext: initialization completed in 6907 ms
2021-06-27 23:39:10 [main] INFO  com.zaxxer.hikari.HikariDataSource -
                HikariPool-1 - Starting...
2021-06-27 23:39:11 [main] INFO  com.zaxxer.hikari.HikariDataSource -
                HikariPool-1 - Start completed.
2021-06-27 23:39:12 [main] INFO  o.h.jpa.internal.util.LogHelper -
                HHH000204: Processing PersistenceUnitInfo [name: default]
2021-06-27 23:39:13 [main] INFO  org.hibernate.Version -
                HHH000412: Hibernate ORM core version 5.4.32.Final
2021-06-27 23:39:14 [main] INFO  o.h.annotations.common.Version -
                HCANN000001: Hibernate Commons Annotations {5.1.2.Final}
2021-06-27 23:39:15 [main] INFO  org.hibernate.dialect.Dialect -
                HHH000400: Using dialect: org.hibernate.dialect.MySQL5InnoDBDialect
2021-06-27 23:39:16 [main] INFO  o.h.e.t.j.p.i.JtaPlatformInitiator -
                HHH000490: Using JtaPlatform implementation: [org.hibernate.engine.transaction.jta.platform.internal.NoJtaPlatform]
2021-06-27 23:39:17 [main] INFO  o.s.o.j.LocalContainerEntityManagerFactoryBean -
                Initialized JPA EntityManagerFactory for persistence unit 'default'
2021-06-27 23:39:18 [main] WARN  o.s.b.a.o.j.JpaBaseConfiguration$JpaWebConfiguration -
                spring.jpa.open-in-view is enabled by default. Therefore, database queries may be performed during view rendering. Explicitly configure spring.jpa.open-in-view to disable this warning
2021-06-27 23:39:19 [main] INFO  o.a.coyote.http11.Http11NioProtocol -
                Starting ProtocolHandler ["http-nio-9098"]
2021-06-27 23:39:19 [main] INFO  o.s.b.w.e.tomcat.TomcatWebServer -
                Tomcat started on port(s): 9098 (http) with context path ''
2021-06-27 23:39:19 [main] INFO  c.u.a.AccountServiceApplication -
                Started AccountServiceApplication in 17.885 seconds (JVM running for 20.197)
2021-06-27 23:41:50 [http-nio-9098-exec-2] INFO  o.a.c.c.C.[Tomcat].[localhost].[/] -
                Initializing Spring DispatcherServlet 'dispatcherServlet'
2021-06-27 23:41:50 [http-nio-9098-exec-2] INFO  o.s.web.servlet.DispatcherServlet -
                Initializing Servlet 'dispatcherServlet'
2021-06-27 23:41:50 [http-nio-9098-exec-2] INFO  o.s.web.servlet.DispatcherServlet -
                Completed initialization in 8 ms
2021-06-27 23:41:50 [http-nio-9098-exec-2] INFO  c.ust.account.Aspectj.LoggingAspect -
                before called.... getUserById
2021-06-27 23:41:54 [http-nio-9098-exec-2] INFO  c.ust.account.Aspectj.LoggingAspect -
                after returning called.... getUserById
2021-06-27 23:41:54 [http-nio-9098-exec-2] INFO  c.ust.account.Aspectj.LoggingAspect -
                after called.... getUserById
2021-06-27 23:42:02 [http-nio-9098-exec-3] INFO  c.ust.account.Aspectj.LoggingAspect -
                before called.... getUserById
2021-06-27 23:42:02 [http-nio-9098-exec-3] INFO  c.ust.account.Aspectj.LoggingAspect -
                after returning called.... getUserById
2021-06-27 23:42:02 [http-nio-9098-exec-3] INFO  c.ust.account.Aspectj.LoggingAspect -
                after called.... getUserById
2021-06-27 23:44:27 [http-nio-9098-exec-6] WARN  o.s.w.s.m.s.DefaultHandlerExceptionResolver -
                Resolved [org.springframework.web.method.annotation.MethodArgumentTypeMismatchException: Failed to convert value of type 'java.lang.String' to required type 'int'; nested exception is java.lang.NumberFormatException: For input string: "7ss"]
2021-06-27 23:44:30 [http-nio-9098-exec-8] WARN  o.s.w.s.m.s.DefaultHandlerExceptionResolver -
                Resolved [org.springframework.web.method.annotation.MethodArgumentTypeMismatchException: Failed to convert value of type 'java.lang.String' to required type 'int'; nested exception is java.lang.NumberFormatException: For input string: "7ss"]
2021-06-27 23:44:36 [http-nio-9098-exec-10] INFO  c.ust.account.Aspectj.LoggingAspect -
                before called.... getUserById
2021-06-27 23:44:36 [http-nio-9098-exec-10] INFO  c.ust.account.Aspectj.LoggingAspect -
                after returning called.... getUserById
2021-06-27 23:44:36 [http-nio-9098-exec-10] INFO  c.ust.account.Aspectj.LoggingAspect -
                after called.... getUserById
2021-06-27 23:44:42 [http-nio-9098-exec-1] INFO  c.ust.account.Aspectj.LoggingAspect -
                before called.... getUserById
2021-06-27 23:44:42 [http-nio-9098-exec-1] INFO  c.ust.account.Aspectj.LoggingAspect -
                after returning called.... getUserById
2021-06-27 23:44:42 [http-nio-9098-exec-1] INFO  c.ust.account.Aspectj.LoggingAspect -
                after called.... getUserById
2021-06-27 23:49:17 [RMI TCP Connection(19)-127.0.0.1] INFO  o.s.b.a.SpringApplicationAdminMXBeanRegistrar$SpringApplicationAdmin -
                Application shutdown requested.
2021-06-27 23:49:20 [RMI TCP Connection(19)-127.0.0.1] INFO  o.s.o.j.LocalContainerEntityManagerFactoryBean -
                Closing JPA EntityManagerFactory for persistence unit 'default'
2021-06-27 23:49:20 [RMI TCP Connection(19)-127.0.0.1] INFO  com.zaxxer.hikari.HikariDataSource -
                HikariPool-1 - Shutdown initiated...
2021-06-27 23:49:21 [RMI TCP Connection(19)-127.0.0.1] INFO  com.zaxxer.hikari.HikariDataSource -
                HikariPool-1 - Shutdown completed.
