2021-06-29 20:09:28 [main] INFO  com.ust.productServiceApp -
                Starting productServiceApp using Java 15.0.1 on DESKTOP-E7BVR8E with PID 11396 (G:\workSpace1\Account\ProductService\target\classes started by anonymous in G:\workSpace1\Account\ProductService)
2021-06-29 20:09:28 [main] INFO  com.ust.productServiceApp -
                No active profile set, falling back to default profiles: default
2021-06-29 20:09:30 [main] INFO  o.s.d.r.c.RepositoryConfigurationDelegate -
                Bootstrapping Spring Data JPA repositories in DEFAULT mode.
2021-06-29 20:09:30 [main] INFO  o.s.d.r.c.RepositoryConfigurationDelegate -
                Finished Spring Data repository scanning in 84 ms. Found 1 JPA repository interfaces.
2021-06-29 20:09:31 [main] INFO  o.s.b.w.e.tomcat.TomcatWebServer -
                Tomcat initialized with port(s): 9099 (http)
2021-06-29 20:09:31 [main] INFO  o.a.coyote.http11.Http11NioProtocol -
                Initializing ProtocolHandler ["http-nio-9099"]
2021-06-29 20:09:31 [main] INFO  o.a.catalina.core.StandardService -
                Starting service [Tomcat]
2021-06-29 20:09:31 [main] INFO  o.a.catalina.core.StandardEngine -
                Starting Servlet engine: [Apache Tomcat/9.0.46]
2021-06-29 20:09:31 [main] INFO  o.a.c.c.C.[Tomcat].[localhost].[/] -
                Initializing Spring embedded WebApplicationContext
2021-06-29 20:09:31 [main] INFO  o.s.b.w.s.c.ServletWebServerApplicationContext -
                Root WebApplicationContext: initialization completed in 2439 ms
2021-06-29 20:09:31 [main] INFO  com.zaxxer.hikari.HikariDataSource -
                HikariPool-1 - Starting...
2021-06-29 20:09:31 [main] INFO  com.zaxxer.hikari.HikariDataSource -
                HikariPool-1 - Start completed.
2021-06-29 20:09:32 [main] INFO  o.h.jpa.internal.util.LogHelper -
                HHH000204: Processing PersistenceUnitInfo [name: default]
2021-06-29 20:09:32 [main] INFO  org.hibernate.Version -
                HHH000412: Hibernate ORM core version 5.4.32.Final
2021-06-29 20:09:33 [main] INFO  o.h.annotations.common.Version -
                HCANN000001: Hibernate Commons Annotations {5.1.2.Final}
2021-06-29 20:09:34 [main] INFO  org.hibernate.dialect.Dialect -
                HHH000400: Using dialect: org.hibernate.dialect.MySQL5InnoDBDialect
2021-06-29 20:09:37 [main] INFO  o.h.e.t.j.p.i.JtaPlatformInitiator -
                HHH000490: Using JtaPlatform implementation: [org.hibernate.engine.transaction.jta.platform.internal.NoJtaPlatform]
2021-06-29 20:09:37 [main] INFO  o.s.o.j.LocalContainerEntityManagerFactoryBean -
                Initialized JPA EntityManagerFactory for persistence unit 'default'
2021-06-29 20:09:37 [main] WARN  o.s.b.a.o.j.JpaBaseConfiguration$JpaWebConfiguration -
                spring.jpa.open-in-view is enabled by default. Therefore, database queries may be performed during view rendering. Explicitly configure spring.jpa.open-in-view to disable this warning
2021-06-29 20:09:38 [main] INFO  o.a.coyote.http11.Http11NioProtocol -
                Starting ProtocolHandler ["http-nio-9099"]
2021-06-29 20:09:38 [main] INFO  o.s.b.w.e.tomcat.TomcatWebServer -
                Tomcat started on port(s): 9099 (http) with context path ''
2021-06-29 20:09:38 [main] INFO  com.ust.productServiceApp -
                Started productServiceApp in 10.143 seconds (JVM running for 11.712)
2021-06-29 20:14:59 [http-nio-9099-exec-2] INFO  o.a.c.c.C.[Tomcat].[localhost].[/] -
                Initializing Spring DispatcherServlet 'dispatcherServlet'
2021-06-29 20:14:59 [http-nio-9099-exec-2] INFO  o.s.web.servlet.DispatcherServlet -
                Initializing Servlet 'dispatcherServlet'
2021-06-29 20:14:59 [http-nio-9099-exec-2] INFO  o.s.web.servlet.DispatcherServlet -
                Completed initialization in 1 ms
2021-06-29 20:14:59 [http-nio-9099-exec-2] WARN  o.s.w.s.m.s.DefaultHandlerExceptionResolver -
                Resolved [org.springframework.http.converter.HttpMessageNotReadableException: JSON parse error: Unexpected character (';' (code 59)): was expecting comma to separate Object entries; nested exception is com.fasterxml.jackson.core.JsonParseException: Unexpected character (';' (code 59)): was expecting comma to separate Object entries
 at [Source: (PushbackInputStream); line: 6, column: 33]]
2021-06-29 20:15:07 [http-nio-9099-exec-3] INFO  com.ust.Aspectj.LoggingAspect -
                before called.... add
2021-06-29 20:15:09 [http-nio-9099-exec-3] INFO  com.ust.Aspectj.LoggingAspect -
                after returning called.... add
2021-06-29 20:15:09 [http-nio-9099-exec-3] INFO  com.ust.Aspectj.LoggingAspect -
                after called.... add
2021-06-29 20:15:31 [http-nio-9099-exec-5] WARN  o.s.w.s.m.s.DefaultHandlerExceptionResolver -
                Resolved [org.springframework.web.HttpRequestMethodNotSupportedException: Request method 'POST' not supported]
2021-06-29 20:15:38 [http-nio-9099-exec-6] INFO  com.ust.Aspectj.LoggingAspect -
                before called.... getbyid
2021-06-29 20:15:39 [http-nio-9099-exec-6] INFO  com.ust.Aspectj.LoggingAspect -
                after returning called.... getbyid
2021-06-29 20:15:39 [http-nio-9099-exec-6] INFO  com.ust.Aspectj.LoggingAspect -
                after called.... getbyid
2021-06-29 20:15:44 [http-nio-9099-exec-7] INFO  com.ust.Aspectj.LoggingAspect -
                before called.... getbyid
2021-06-29 20:15:44 [http-nio-9099-exec-7] INFO  com.ust.Aspectj.LoggingAspect -
                after returning called.... getbyid
2021-06-29 20:15:44 [http-nio-9099-exec-7] INFO  com.ust.Aspectj.LoggingAspect -
                after called.... getbyid
2021-06-29 20:15:46 [http-nio-9099-exec-8] INFO  com.ust.Aspectj.LoggingAspect -
                before called.... getbyid
2021-06-29 20:15:46 [http-nio-9099-exec-8] INFO  com.ust.Aspectj.LoggingAspect -
                after returning called.... getbyid
2021-06-29 20:15:46 [http-nio-9099-exec-8] INFO  com.ust.Aspectj.LoggingAspect -
                after called.... getbyid
2021-06-29 20:15:48 [http-nio-9099-exec-9] INFO  com.ust.Aspectj.LoggingAspect -
                before called.... getbyid
2021-06-29 20:15:48 [http-nio-9099-exec-9] INFO  com.ust.Aspectj.LoggingAspect -
                after returning called.... getbyid
2021-06-29 20:15:48 [http-nio-9099-exec-9] INFO  com.ust.Aspectj.LoggingAspect -
                after called.... getbyid
2021-06-29 20:15:50 [http-nio-9099-exec-10] INFO  com.ust.Aspectj.LoggingAspect -
                before called.... getbyid
2021-06-29 20:15:50 [http-nio-9099-exec-10] INFO  com.ust.Aspectj.LoggingAspect -
                after returning called.... getbyid
2021-06-29 20:15:50 [http-nio-9099-exec-10] INFO  com.ust.Aspectj.LoggingAspect -
                after called.... getbyid
2021-06-29 20:15:55 [http-nio-9099-exec-1] INFO  com.ust.Aspectj.LoggingAspect -
                before called.... getbyid
2021-06-29 20:15:55 [http-nio-9099-exec-1] INFO  com.ust.Aspectj.LoggingAspect -
                after returning called.... getbyid
2021-06-29 20:15:55 [http-nio-9099-exec-1] INFO  com.ust.Aspectj.LoggingAspect -
                after called.... getbyid
2021-06-29 20:15:57 [http-nio-9099-exec-2] INFO  com.ust.Aspectj.LoggingAspect -
                before called.... getbyid
2021-06-29 20:15:57 [http-nio-9099-exec-2] INFO  com.ust.Aspectj.LoggingAspect -
                after returning called.... getbyid
2021-06-29 20:15:57 [http-nio-9099-exec-2] INFO  com.ust.Aspectj.LoggingAspect -
                after called.... getbyid
2021-06-29 20:21:11 [http-nio-9099-exec-5] INFO  com.ust.Aspectj.LoggingAspect -
                before called.... add
2021-06-29 20:21:12 [http-nio-9099-exec-5] INFO  com.ust.Aspectj.LoggingAspect -
                after returning called.... add
2021-06-29 20:21:12 [http-nio-9099-exec-5] INFO  com.ust.Aspectj.LoggingAspect -
                after called.... add
2021-06-29 20:21:29 [http-nio-9099-exec-7] WARN  o.s.w.s.m.s.DefaultHandlerExceptionResolver -
                Resolved [org.springframework.web.HttpRequestMethodNotSupportedException: Request method 'POST' not supported]
2021-06-29 20:21:37 [http-nio-9099-exec-8] INFO  com.ust.Aspectj.LoggingAspect -
                before called.... getbyid
2021-06-29 20:21:37 [http-nio-9099-exec-8] INFO  com.ust.Aspectj.LoggingAspect -
                after returning called.... getbyid
2021-06-29 20:21:37 [http-nio-9099-exec-8] INFO  com.ust.Aspectj.LoggingAspect -
                after called.... getbyid
2021-06-29 20:21:42 [http-nio-9099-exec-9] INFO  com.ust.Aspectj.LoggingAspect -
                before called.... getbyid
2021-06-29 20:21:42 [http-nio-9099-exec-9] INFO  com.ust.Aspectj.LoggingAspect -
                after returning called.... getbyid
2021-06-29 20:21:42 [http-nio-9099-exec-9] INFO  com.ust.Aspectj.LoggingAspect -
                after called.... getbyid
2021-06-29 20:21:47 [http-nio-9099-exec-10] INFO  com.ust.Aspectj.LoggingAspect -
                before called.... getbyid
2021-06-29 20:21:47 [http-nio-9099-exec-10] INFO  com.ust.Aspectj.LoggingAspect -
                after returning called.... getbyid
2021-06-29 20:21:47 [http-nio-9099-exec-10] INFO  com.ust.Aspectj.LoggingAspect -
                after called.... getbyid
2021-06-29 20:23:28 [http-nio-9099-exec-4] INFO  com.ust.Aspectj.LoggingAspect -
                before called.... getbyid
2021-06-29 20:23:28 [http-nio-9099-exec-4] INFO  com.ust.Aspectj.LoggingAspect -
                after returning called.... getbyid
2021-06-29 20:23:28 [http-nio-9099-exec-4] INFO  com.ust.Aspectj.LoggingAspect -
                after called.... getbyid
2021-06-29 20:23:57 [http-nio-9099-exec-3] INFO  com.ust.Aspectj.LoggingAspect -
                before called.... add
2021-06-29 20:23:57 [http-nio-9099-exec-3] INFO  com.ust.Aspectj.LoggingAspect -
                after returning called.... add
2021-06-29 20:23:57 [http-nio-9099-exec-3] INFO  com.ust.Aspectj.LoggingAspect -
                after called.... add
2021-06-29 20:24:06 [http-nio-9099-exec-5] INFO  com.ust.Aspectj.LoggingAspect -
                before called.... getbyid
2021-06-29 20:24:06 [http-nio-9099-exec-5] INFO  com.ust.Aspectj.LoggingAspect -
                after returning called.... getbyid
2021-06-29 20:24:06 [http-nio-9099-exec-5] INFO  com.ust.Aspectj.LoggingAspect -
                after called.... getbyid
2021-06-29 20:24:22 [http-nio-9099-exec-6] INFO  com.ust.Aspectj.LoggingAspect -
                before called.... getbyid
2021-06-29 20:24:22 [http-nio-9099-exec-6] INFO  com.ust.Aspectj.LoggingAspect -
                after returning called.... getbyid
2021-06-29 20:24:22 [http-nio-9099-exec-6] INFO  com.ust.Aspectj.LoggingAspect -
                after called.... getbyid
2021-06-29 20:24:58 [http-nio-9099-exec-7] INFO  com.ust.Aspectj.LoggingAspect -
                before called.... add
2021-06-29 20:24:59 [http-nio-9099-exec-7] INFO  com.ust.Aspectj.LoggingAspect -
                after returning called.... add
2021-06-29 20:24:59 [http-nio-9099-exec-7] INFO  com.ust.Aspectj.LoggingAspect -
                after called.... add
2021-06-29 20:25:10 [http-nio-9099-exec-8] INFO  com.ust.Aspectj.LoggingAspect -
                before called.... getbyid
2021-06-29 20:25:10 [http-nio-9099-exec-8] INFO  com.ust.Aspectj.LoggingAspect -
                after returning called.... getbyid
2021-06-29 20:25:10 [http-nio-9099-exec-8] INFO  com.ust.Aspectj.LoggingAspect -
                after called.... getbyid
2021-06-29 20:26:36 [http-nio-9099-exec-1] INFO  com.ust.Aspectj.LoggingAspect -
                before called.... add
2021-06-29 20:26:36 [http-nio-9099-exec-1] INFO  com.ust.Aspectj.LoggingAspect -
                after returning called.... add
2021-06-29 20:26:36 [http-nio-9099-exec-1] INFO  com.ust.Aspectj.LoggingAspect -
                after called.... add
2021-06-29 20:26:53 [http-nio-9099-exec-4] INFO  com.ust.Aspectj.LoggingAspect -
                before called.... getbyid
2021-06-29 20:26:53 [http-nio-9099-exec-4] INFO  com.ust.Aspectj.LoggingAspect -
                after returning called.... getbyid
2021-06-29 20:26:53 [http-nio-9099-exec-4] INFO  com.ust.Aspectj.LoggingAspect -
                after called.... getbyid
2021-06-29 20:26:58 [http-nio-9099-exec-3] INFO  com.ust.Aspectj.LoggingAspect -
                before called.... getbyid
2021-06-29 20:26:58 [http-nio-9099-exec-3] INFO  com.ust.Aspectj.LoggingAspect -
                after returning called.... getbyid
2021-06-29 20:26:58 [http-nio-9099-exec-3] INFO  com.ust.Aspectj.LoggingAspect -
                after called.... getbyid
2021-06-29 20:28:16 [http-nio-9099-exec-7] WARN  o.s.w.s.m.s.DefaultHandlerExceptionResolver -
                Resolved [org.springframework.web.method.annotation.MethodArgumentTypeMismatchException: Failed to convert value of type 'java.lang.String' to required type 'int'; nested exception is java.lang.NumberFormatException: For input string: "update"]
2021-06-29 20:28:21 [http-nio-9099-exec-9] INFO  com.ust.Aspectj.LoggingAspect -
                before called.... update
2021-06-29 20:28:21 [http-nio-9099-exec-9] INFO  com.ust.Aspectj.LoggingAspect -
                after returning called.... update
2021-06-29 20:28:21 [http-nio-9099-exec-9] INFO  com.ust.Aspectj.LoggingAspect -
                after called.... update
2021-06-29 20:28:31 [http-nio-9099-exec-10] INFO  com.ust.Aspectj.LoggingAspect -
                before called.... getbyid
2021-06-29 20:28:31 [http-nio-9099-exec-10] INFO  com.ust.Aspectj.LoggingAspect -
                after returning called.... getbyid
2021-06-29 20:28:31 [http-nio-9099-exec-10] INFO  com.ust.Aspectj.LoggingAspect -
                after called.... getbyid
2021-06-29 20:41:34 [RMI TCP Connection(39)-127.0.0.1] INFO  o.s.b.a.SpringApplicationAdminMXBeanRegistrar$SpringApplicationAdmin -
                Application shutdown requested.
2021-06-29 20:41:37 [RMI TCP Connection(39)-127.0.0.1] INFO  o.s.o.j.LocalContainerEntityManagerFactoryBean -
                Closing JPA EntityManagerFactory for persistence unit 'default'
2021-06-29 20:41:38 [RMI TCP Connection(39)-127.0.0.1] INFO  com.zaxxer.hikari.HikariDataSource -
                HikariPool-1 - Shutdown initiated...
2021-06-29 20:41:38 [RMI TCP Connection(39)-127.0.0.1] INFO  com.zaxxer.hikari.HikariDataSource -
                HikariPool-1 - Shutdown completed.
