2021-06-30 21:33:35 [main] INFO  o.s.b.t.c.SpringBootTestContextBootstrapper -
                Neither @ContextConfiguration nor @ContextHierarchy found for test class [com.ust.productRepoTest.ProductRepositoryTest], using SpringBootContextLoader
2021-06-30 21:33:35 [main] INFO  o.s.t.c.s.AbstractContextLoader -
                Could not detect default resource locations for test class [com.ust.productRepoTest.ProductRepositoryTest]: no resource found for suffixes {-context.xml, Context.groovy}.
2021-06-30 21:33:35 [main] INFO  o.s.t.c.s.AnnotationConfigContextLoaderUtils -
                Could not detect default configuration classes for test class [com.ust.productRepoTest.ProductRepositoryTest]: ProductRepositoryTest does not declare any static, non-private, non-final, nested classes annotated with @Configuration.
2021-06-30 21:33:35 [main] INFO  o.s.b.t.c.SpringBootTestContextBootstrapper -
                Found @SpringBootConfiguration com.ust.productServiceApp for test class com.ust.productRepoTest.ProductRepositoryTest
2021-06-30 21:33:35 [main] INFO  o.s.b.t.c.SpringBootTestContextBootstrapper -
                Loaded default TestExecutionListener class names from location [META-INF/spring.factories]: [org.springframework.boot.test.mock.mockito.MockitoTestExecutionListener, org.springframework.boot.test.mock.mockito.ResetMocksTestExecutionListener, org.springframework.boot.test.autoconfigure.restdocs.RestDocsTestExecutionListener, org.springframework.boot.test.autoconfigure.web.client.MockRestServiceServerResetTestExecutionListener, org.springframework.boot.test.autoconfigure.web.servlet.MockMvcPrintOnlyOnFailureTestExecutionListener, org.springframework.boot.test.autoconfigure.web.servlet.WebDriverTestExecutionListener, org.springframework.boot.test.autoconfigure.webservices.client.MockWebServiceServerTestExecutionListener, org.springframework.test.context.web.ServletTestExecutionListener, org.springframework.test.context.support.DirtiesContextBeforeModesTestExecutionListener, org.springframework.test.context.event.ApplicationEventsTestExecutionListener, org.springframework.test.context.support.DependencyInjectionTestExecutionListener, org.springframework.test.context.support.DirtiesContextTestExecutionListener, org.springframework.test.context.transaction.TransactionalTestExecutionListener, org.springframework.test.context.jdbc.SqlScriptsTestExecutionListener, org.springframework.test.context.event.EventPublishingTestExecutionListener]
2021-06-30 21:33:35 [main] INFO  o.s.b.t.c.SpringBootTestContextBootstrapper -
                Using TestExecutionListeners: [org.springframework.test.context.web.ServletTestExecutionListener@475835b1, org.springframework.test.context.support.DirtiesContextBeforeModesTestExecutionListener@6326d182, org.springframework.test.context.event.ApplicationEventsTestExecutionListener@5241cf67, org.springframework.boot.test.mock.mockito.MockitoTestExecutionListener@716a7124, org.springframework.boot.test.autoconfigure.SpringBootDependencyInjectionTestExecutionListener@77192705, org.springframework.test.context.support.DirtiesContextTestExecutionListener@226642a5, org.springframework.test.context.transaction.TransactionalTestExecutionListener@7e809b79, org.springframework.test.context.jdbc.SqlScriptsTestExecutionListener@5cc126dc, org.springframework.test.context.event.EventPublishingTestExecutionListener@625e134e, org.springframework.boot.test.mock.mockito.ResetMocksTestExecutionListener@72bd06ca, org.springframework.boot.test.autoconfigure.restdocs.RestDocsTestExecutionListener@89c10b7, org.springframework.boot.test.autoconfigure.web.client.MockRestServiceServerResetTestExecutionListener@5dbe30be, org.springframework.boot.test.autoconfigure.web.servlet.MockMvcPrintOnlyOnFailureTestExecutionListener@4fe89c24, org.springframework.boot.test.autoconfigure.web.servlet.WebDriverTestExecutionListener@55795845, org.springframework.boot.test.autoconfigure.webservices.client.MockWebServiceServerTestExecutionListener@3d08f3f5]
2021-06-30 21:33:36 [main] INFO  c.u.p.ProductRepositoryTest -
                Starting ProductRepositoryTest using Java 15.0.1 on DESKTOP-E7BVR8E with PID 4552 (started by anonymous in G:\workSpace1\Account\ProductService)
2021-06-30 21:33:36 [main] INFO  c.u.p.ProductRepositoryTest -
                No active profile set, falling back to default profiles: default
2021-06-30 21:33:38 [main] INFO  o.s.d.r.c.RepositoryConfigurationDelegate -
                Bootstrapping Spring Data JPA repositories in DEFAULT mode.
2021-06-30 21:33:38 [main] INFO  o.s.d.r.c.RepositoryConfigurationDelegate -
                Finished Spring Data repository scanning in 83 ms. Found 1 JPA repository interfaces.
2021-06-30 21:33:39 [main] INFO  com.zaxxer.hikari.HikariDataSource -
                HikariPool-1 - Starting...
2021-06-30 21:33:39 [main] INFO  com.zaxxer.hikari.HikariDataSource -
                HikariPool-1 - Start completed.
2021-06-30 21:33:40 [main] INFO  o.h.jpa.internal.util.LogHelper -
                HHH000204: Processing PersistenceUnitInfo [name: default]
2021-06-30 21:33:40 [main] INFO  org.hibernate.Version -
                HHH000412: Hibernate ORM core version 5.4.32.Final
2021-06-30 21:33:40 [main] INFO  o.h.annotations.common.Version -
                HCANN000001: Hibernate Commons Annotations {5.1.2.Final}
2021-06-30 21:33:40 [main] INFO  org.hibernate.dialect.Dialect -
                HHH000400: Using dialect: org.hibernate.dialect.MySQL5InnoDBDialect
2021-06-30 21:33:42 [main] INFO  o.h.e.t.j.p.i.JtaPlatformInitiator -
                HHH000490: Using JtaPlatform implementation: [org.hibernate.engine.transaction.jta.platform.internal.NoJtaPlatform]
2021-06-30 21:33:42 [main] INFO  o.s.o.j.LocalContainerEntityManagerFactoryBean -
                Initialized JPA EntityManagerFactory for persistence unit 'default'
2021-06-30 21:33:43 [main] WARN  o.s.b.a.o.j.JpaBaseConfiguration$JpaWebConfiguration -
                spring.jpa.open-in-view is enabled by default. Therefore, database queries may be performed during view rendering. Explicitly configure spring.jpa.open-in-view to disable this warning
2021-06-30 21:33:44 [main] INFO  c.u.p.ProductRepositoryTest -
                Started ProductRepositoryTest in 9.212 seconds (JVM running for 11.666)
2021-06-30 21:33:46 [SpringApplicationShutdownHook] INFO  o.s.o.j.LocalContainerEntityManagerFactoryBean -
                Closing JPA EntityManagerFactory for persistence unit 'default'
2021-06-30 21:33:46 [SpringApplicationShutdownHook] INFO  com.zaxxer.hikari.HikariDataSource -
                HikariPool-1 - Shutdown initiated...
2021-06-30 21:33:46 [SpringApplicationShutdownHook] INFO  com.zaxxer.hikari.HikariDataSource -
                HikariPool-1 - Shutdown completed.
